0 info it worked if it ends with ok
1 verbose cli [ 'C:\\Program Files\\nodejs\\node.exe',
1 verbose cli   'C:\\Program Files\\nodejs\\node_modules\\npm\\bin\\npm-cli.js',
1 verbose cli   'start' ]
2 info using npm@3.10.10
3 info using node@v6.9.4
4 verbose run-script [ 'prestart', 'start', 'poststart' ]
5 info lifecycle redux-webpack-starter@1.0.0~prestart: redux-webpack-starter@1.0.0
6 verbose lifecycle redux-webpack-starter@1.0.0~prestart: unsafe-perm in lifecycle true
7 verbose lifecycle redux-webpack-starter@1.0.0~prestart: PATH: C:\Program Files\nodejs\node_modules\npm\bin\node-gyp-bin;D:\mingle\Instagram\node_modules\.bin;C:\Ruby22-x64\bin;C:\ProgramData\Oracle\Java\javapath;C:\windows\system32;C:\windows;C:\windows\System32\Wbem;C:\windows\System32\WindowsPowerShell\v1.0\;C:\Program Files\Git\cmd;C:\Program Files\nodejs\;C:\Program Files (x86)\Brackets\command;C:\Program Files\TortoiseSVN\bin;C:\Program Files (x86)\Microsoft VS Code\bin;C:\Users\isin17\AppData\Roaming\npm;C:\Users\isin17\AppData\Local\Box\Box Edit\;C:\Users\isin17\AppData\Local\atom\bin
8 verbose lifecycle redux-webpack-starter@1.0.0~prestart: CWD: D:\mingle\Instagram
9 silly lifecycle redux-webpack-starter@1.0.0~prestart: Args: [ '/d /s /c', '' ]
10 silly lifecycle redux-webpack-starter@1.0.0~prestart: Returned: code: 0  signal: null
11 info lifecycle redux-webpack-starter@1.0.0~start: redux-webpack-starter@1.0.0
12 verbose lifecycle redux-webpack-starter@1.0.0~start: unsafe-perm in lifecycle true
13 verbose lifecycle redux-webpack-starter@1.0.0~start: PATH: C:\Program Files\nodejs\node_modules\npm\bin\node-gyp-bin;D:\mingle\Instagram\node_modules\.bin;C:\Ruby22-x64\bin;C:\ProgramData\Oracle\Java\javapath;C:\windows\system32;C:\windows;C:\windows\System32\Wbem;C:\windows\System32\WindowsPowerShell\v1.0\;C:\Program Files\Git\cmd;C:\Program Files\nodejs\;C:\Program Files (x86)\Brackets\command;C:\Program Files\TortoiseSVN\bin;C:\Program Files (x86)\Microsoft VS Code\bin;C:\Users\isin17\AppData\Roaming\npm;C:\Users\isin17\AppData\Local\Box\Box Edit\;C:\Users\isin17\AppData\Local\atom\bin
14 verbose lifecycle redux-webpack-starter@1.0.0~start: CWD: D:\mingle\Instagram
15 silly lifecycle redux-webpack-starter@1.0.0~start: Args: [ '/d /s /c', 'npm-run-all --parallel open:src lint:watch' ]
16 silly lifecycle redux-webpack-starter@1.0.0~start: Returned: code: 1  signal: null
17 info lifecycle redux-webpack-starter@1.0.0~start: Failed to exec start script
18 verbose stack Error: redux-webpack-starter@1.0.0 start: `npm-run-all --parallel open:src lint:watch`
18 verbose stack Exit status 1
18 verbose stack     at EventEmitter.<anonymous> (C:\Program Files\nodejs\node_modules\npm\lib\utils\lifecycle.js:255:16)
18 verbose stack     at emitTwo (events.js:106:13)
18 verbose stack     at EventEmitter.emit (events.js:191:7)
18 verbose stack     at ChildProcess.<anonymous> (C:\Program Files\nodejs\node_modules\npm\lib\utils\spawn.js:40:14)
18 verbose stack     at emitTwo (events.js:106:13)
18 verbose stack     at ChildProcess.emit (events.js:191:7)
18 verbose stack     at maybeClose (internal/child_process.js:877:16)
18 verbose stack     at Process.ChildProcess._handle.onexit (internal/child_process.js:226:5)
19 verbose pkgid redux-webpack-starter@1.0.0
20 verbose cwd D:\mingle\Instagram
21 error Windows_NT 6.1.7601
22 error argv "C:\\Program Files\\nodejs\\node.exe" "C:\\Program Files\\nodejs\\node_modules\\npm\\bin\\npm-cli.js" "start"
23 error node v6.9.4
24 error npm  v3.10.10
25 error code ELIFECYCLE
26 error redux-webpack-starter@1.0.0 start: `npm-run-all --parallel open:src lint:watch`
26 error Exit status 1
27 error Failed at the redux-webpack-starter@1.0.0 start script 'npm-run-all --parallel open:src lint:watch'.
27 error Make sure you have the latest version of node.js and npm installed.
27 error If you do, this is most likely a problem with the redux-webpack-starter package,
27 error not with npm itself.
27 error Tell the author that this fails on your system:
27 error     npm-run-all --parallel open:src lint:watch
27 error You can get information on how to open an issue for this project with:
27 error     npm bugs redux-webpack-starter
27 error Or if that isn't available, you can get their info via:
27 error     npm owner ls redux-webpack-starter
27 error There is likely additional logging output above.
28 verbose exit [ 1, true ]
